CCS PCH C Compiler, Version 5.076, 56587               11-may.-20 12:46

               Filename:   D:\ERIK-20\Escritorio\CV_SML-300_11-05-2020\CODIGO\Ejemplo_01\ejemplo1.lst

               ROM used:   94 bytes (0%)
                           Largest free fragment is 32674
               RAM used:   5 (0%) at main() level
                           6 (0%) worst case
               Stack used: 0 locations
               Stack size: 31

*
0000:  GOTO   0030
.................... #INCLUDE <18F4550.H> 
.................... //////////// Standard Header file for the PIC18F4550 device //////////////// 
.................... /////////////////////////////////////////////////////////////////////////// 
.................... ////        (C) Copyright 1996, 2014 Custom Computer Services          //// 
.................... //// This source code may only be used by licensed users of the CCS C  //// 
.................... //// compiler.  This source code may only be distributed to other      //// 
.................... //// licensed users of the CCS C compiler.  No other use, reproduction //// 
.................... //// or distribution is permitted without written permission.          //// 
.................... //// Derivative programs created using this software in object code    //// 
.................... //// form are not restricted in any way.                               //// 
.................... /////////////////////////////////////////////////////////////////////////// 
.................... #device PIC18F4550 
....................  
.................... #list 
....................  
.................... #FUSES XT 
.................... #FUSES NOWDT 
.................... #USE DELAY (CLOCK = 4000000) 
0004:  CLRF   FEA
0006:  MOVLW  05
0008:  MOVWF  FE9
000A:  MOVF   FEF,W
000C:  BTFSC  FD8.2
000E:  GOTO   002E
0012:  MOVLW  01
0014:  MOVWF  01
0016:  CLRF   00
0018:  DECFSZ 00,F
001A:  BRA    0018
001C:  DECFSZ 01,F
001E:  BRA    0016
0020:  MOVLW  4A
0022:  MOVWF  00
0024:  DECFSZ 00,F
0026:  BRA    0024
0028:  BRA    002A
002A:  DECFSZ FEF,F
002C:  BRA    0012
002E:  RETURN 0
.................... #USE STANDARD_IO(A) 
....................  
.................... int tiempo = 300; 
....................  
.................... void main(){ 
0030:  CLRF   FF8
0032:  BCF    FD0.7
0034:  MOVLW  2C
0036:  MOVWF  04
0038:  MOVF   FC1,W
003A:  ANDLW  C0
003C:  IORLW  0F
003E:  MOVWF  FC1
0040:  MOVLW  07
0042:  MOVWF  FB4
....................    while(true){ 
....................       output_a(0b0000000); 
0044:  CLRF   F92
0046:  CLRF   F89
....................       delay_ms(tiempo); 
0048:  MOVFF  04,05
004C:  RCALL  0004
....................       output_a(0b0000001); 
004E:  CLRF   F92
0050:  MOVLW  01
0052:  MOVWF  F89
....................       delay_ms(tiempo); 
0054:  MOVFF  04,05
0058:  RCALL  0004
005A:  BRA    0044
....................    } 
.................... } 
005C:  SLEEP 

Configuration Fuses:
   Word  1: C03F   PLL12 CPUDIV4 USBDIV XT FCMEN IESO
   Word  2: 1E3E   PUT BROWNOUT BORV21 VREGEN NOWDT WDT32768
   Word  3: 8700   CCP2C1 PBADEN LPT1OSC MCLR
   Word  4: 00A1   STVREN NOLVP ICSP2 NOXINST NODEBUG
   Word  5: C00F   NOPROTECT NOCPB NOCPD
   Word  6: E00F   NOWRT NOWRTC NOWRTB NOWRTD
   Word  7: 400F   NOEBTR NOEBTRB
